{"uuid":"792f6173-a0a2-4e80-bcd1-0152c6873dd7","historyId":"6fafedef47a645501b927e59036f5145","fullName":"com.testcase.RegisterCase.registerLogin","labels":[{"name":"package","value":"com.testcase.RegisterCase"},{"name":"testClass","value":"com.testcase.RegisterCase"},{"name":"testMethod","value":"registerLogin"},{"name":"parentSuite","value":"线上环境-自动化测试框架-mall项目-Demo"},{"name":"suite","value":"用户模块"},{"name":"subSuite","value":"com.testcase.RegisterCase"},{"name":"host","value":"Athena"},{"name":"thread","value":"14384@Athena.main(1)"},{"name":"framework","value":"testng"},{"name":"language","value":"java"},{"name":"epic","value":"用户模块"},{"name":"feature","value":"注册功能"}],"links":[],"name":"注册接口测试","status":"failed","statusDetails":{"known":false,"muted":false,"flaky":false,"message":"断言失败：响应断言=false，SQL 断言=true did not expect to find [true] but found [false]","trace":"java.lang.AssertionError: 断言失败：响应断言=false，SQL 断言=true did not expect to find [true] but found [false]\r\n\tat org.testng.Assert.fail(Assert.java:97)\r\n\tat org.testng.Assert.failNotEquals(Assert.java:969)\r\n\tat org.testng.Assert.assertTrue(Assert.java:43)\r\n\tat com.testcase.BaseCase.logFinalResult(BaseCase.java:200)\r\n\tat com.testcase.BaseCase.finishWriteBackAndAssert(BaseCase.java:246)\r\n\tat com.testcase.RegisterCase.registerLogin(RegisterCase.java:36)\r\n\tat sun.reflect.NativeMethodAccessorImpl.invoke0(Native Method)\r\n\tat sun.reflect.NativeMethodAccessorImpl.invoke(NativeMethodAccessorImpl.java:62)\r\n\tat sun.reflect.DelegatingMethodAccessorImpl.invoke(DelegatingMethodAccessorImpl.java:43)\r\n\tat java.lang.reflect.Method.invoke(Method.java:498)\r\n\tat org.testng.internal.MethodInvocationHelper.invokeMethod(MethodInvocationHelper.java:133)\r\n\tat org.testng.internal.TestInvoker.invokeMethod(TestInvoker.java:584)\r\n\tat org.testng.internal.TestInvoker.invokeTestMethod(TestInvoker.java:172)\r\n\tat org.testng.internal.MethodRunner.runInSequence(MethodRunner.java:46)\r\n\tat org.testng.internal.TestInvoker$MethodInvocationAgent.invoke(TestInvoker.java:804)\r\n\tat org.testng.internal.TestInvoker.invokeTestMethods(TestInvoker.java:145)\r\n\tat org.testng.internal.TestMethodWorker.invokeTestMethods(TestMethodWorker.java:146)\r\n\tat org.testng.internal.TestMethodWorker.run(TestMethodWorker.java:128)\r\n\tat java.util.ArrayList.forEach(ArrayList.java:1257)\r\n\tat org.testng.TestRunner.privateRun(TestRunner.java:770)\r\n\tat org.testng.TestRunner.run(TestRunner.java:591)\r\n\tat org.testng.SuiteRunner.runTest(SuiteRunner.java:402)\r\n\tat org.testng.SuiteRunner.runSequentially(SuiteRunner.java:396)\r\n\tat org.testng.SuiteRunner.privateRun(SuiteRunner.java:355)\r\n\tat org.testng.SuiteRunner.run(SuiteRunner.java:304)\r\n\tat org.testng.SuiteRunnerWorker.runSuite(SuiteRunnerWorker.java:53)\r\n\tat org.testng.SuiteRunnerWorker.run(SuiteRunnerWorker.java:96)\r\n\tat org.testng.TestNG.runSuitesSequentially(TestNG.java:1180)\r\n\tat org.testng.TestNG.runSuitesLocally(TestNG.java:1102)\r\n\tat org.testng.TestNG.runSuites(TestNG.java:1032)\r\n\tat org.testng.TestNG.run(TestNG.java:1000)\r\n\tat com.intellij.rt.testng.IDEARemoteTestNG.run(IDEARemoteTestNG.java:66)\r\n\tat com.intellij.rt.testng.RemoteTestNGStarter.main(RemoteTestNGStarter.java:105)\r\n"},"stage":"finished","steps":[{"name":"【用例信息】","status":"passed","stage":"finished","steps":[],"attachments":[{"name":"用例信息明细","source":"5bf36263-2fd0-4059-baa5-6bbc33881bcc-attachment","type":"text/plain"}],"parameters":[],"start":1743153169730,"stop":1743153169730},{"name":"【发起请求】","status":"passed","stage":"finished","steps":[],"attachments":[{"name":"请求信息","source":"ab157681-af6b-4f51-86a7-aafb6f7c6fde-attachment","type":"text/plain"}],"parameters":[],"start":1743153169730,"stop":1743153169780},{"name":"【响应断言】","status":"passed","stage":"finished","steps":[],"attachments":[{"name":"响应断言信息","source":"808dc357-ef54-4dfd-9d20-d2ed84936de9-attachment","type":"text/plain"}],"parameters":[],"start":1743153169780,"stop":1743153169782},{"name":"【数据库断言】","status":"passed","stage":"finished","steps":[],"attachments":[],"parameters":[],"start":1743153169847,"stop":1743153169847},{"name":"【最终测试结果】","status":"failed","statusDetails":{"known":false,"muted":false,"flaky":false,"message":"断言失败：响应断言=false，SQL 断言=true did not expect to find [true] but found [false]","trace":"java.lang.AssertionError: 断言失败：响应断言=false，SQL 断言=true did not expect to find [true] but found [false]\r\n\tat org.testng.Assert.fail(Assert.java:97)\r\n\tat org.testng.Assert.failNotEquals(Assert.java:969)\r\n\tat org.testng.Assert.assertTrue(Assert.java:43)\r\n\tat com.testcase.BaseCase.logFinalResult(BaseCase.java:200)\r\n\tat com.testcase.BaseCase.finishWriteBackAndAssert(BaseCase.java:246)\r\n\tat com.testcase.RegisterCase.registerLogin(RegisterCase.java:36)\r\n\tat sun.reflect.NativeMethodAccessorImpl.invoke0(Native Method)\r\n\tat sun.reflect.NativeMethodAccessorImpl.invoke(NativeMethodAccessorImpl.java:62)\r\n\tat sun.reflect.DelegatingMethodAccessorImpl.invoke(DelegatingMethodAccessorImpl.java:43)\r\n\tat java.lang.reflect.Method.invoke(Method.java:498)\r\n\tat org.testng.internal.MethodInvocationHelper.invokeMethod(MethodInvocationHelper.java:133)\r\n\tat org.testng.internal.TestInvoker.invokeMethod(TestInvoker.java:584)\r\n\tat org.testng.internal.TestInvoker.invokeTestMethod(TestInvoker.java:172)\r\n\tat org.testng.internal.MethodRunner.runInSequence(MethodRunner.java:46)\r\n\tat org.testng.internal.TestInvoker$MethodInvocationAgent.invoke(TestInvoker.java:804)\r\n\tat org.testng.internal.TestInvoker.invokeTestMethods(TestInvoker.java:145)\r\n\tat org.testng.internal.TestMethodWorker.invokeTestMethods(TestMethodWorker.java:146)\r\n\tat org.testng.internal.TestMethodWorker.run(TestMethodWorker.java:128)\r\n\tat java.util.ArrayList.forEach(ArrayList.java:1257)\r\n\tat org.testng.TestRunner.privateRun(TestRunner.java:770)\r\n\tat org.testng.TestRunner.run(TestRunner.java:591)\r\n\tat org.testng.SuiteRunner.runTest(SuiteRunner.java:402)\r\n\tat org.testng.SuiteRunner.runSequentially(SuiteRunner.java:396)\r\n\tat org.testng.SuiteRunner.privateRun(SuiteRunner.java:355)\r\n\tat org.testng.SuiteRunner.run(SuiteRunner.java:304)\r\n\tat org.testng.SuiteRunnerWorker.runSuite(SuiteRunnerWorker.java:53)\r\n\tat org.testng.SuiteRunnerWorker.run(SuiteRunnerWorker.java:96)\r\n\tat org.testng.TestNG.runSuitesSequentially(TestNG.java:1180)\r\n\tat org.testng.TestNG.runSuitesLocally(TestNG.java:1102)\r\n\tat org.testng.TestNG.runSuites(TestNG.java:1032)\r\n\tat org.testng.TestNG.run(TestNG.java:1000)\r\n\tat com.intellij.rt.testng.IDEARemoteTestNG.run(IDEARemoteTestNG.java:66)\r\n\tat com.intellij.rt.testng.RemoteTestNGStarter.main(RemoteTestNGStarter.java:105)\r\n"},"stage":"finished","steps":[],"attachments":[{"name":"最终结果信息","source":"f106bd11-e3c8-4fdb-933c-d2d7fc55403e-attachment","type":"text/plain"}],"parameters":[],"start":1743153169847,"stop":1743153169852}],"attachments":[],"parameters":[{"name":"arg0","value":"注册成功"}],"start":1743153169668,"stop":1743153169861}