{"uuid":"916466e8-0147-451c-a8d0-4dccc352afc8","historyId":"3f06d3845da3f4d5bb8fb06d1f3e686b","fullName":"com.testcase.RegisterCase.testRegister","labels":[{"name":"package","value":"com.testcase.RegisterCase"},{"name":"testClass","value":"com.testcase.RegisterCase"},{"name":"testMethod","value":"testRegister"},{"name":"parentSuite","value":"线上环境-自动化测试框架-mall项目-Demo"},{"name":"suite","value":"用户模块"},{"name":"subSuite","value":"com.testcase.RegisterCase"},{"name":"host","value":"Athena"},{"name":"thread","value":"18408@Athena.main(1)"},{"name":"framework","value":"testng"},{"name":"language","value":"java"},{"name":"epic","value":"用户模块"},{"name":"feature","value":"注册功能"}],"links":[],"name":"注册接口测试","status":"failed","statusDetails":{"known":false,"muted":false,"flaky":false,"message":"断言失败：响应断言=false，SQL 断言=true did not expect to find [true] but found [false]","trace":"java.lang.AssertionError: 断言失败：响应断言=false，SQL 断言=true did not expect to find [true] but found [false]\r\n\tat org.testng.Assert.fail(Assert.java:97)\r\n\tat org.testng.Assert.failNotEquals(Assert.java:969)\r\n\tat org.testng.Assert.assertTrue(Assert.java:43)\r\n\tat com.testcase.BaseCase.logFinalResult(BaseCase.java:171)\r\n\tat com.testcase.BaseCase.finishWriteBackAndAssert(BaseCase.java:217)\r\n\tat com.testcase.RegisterCase.testRegister(RegisterCase.java:35)\r\n\tat sun.reflect.NativeMethodAccessorImpl.invoke0(Native Method)\r\n\tat sun.reflect.NativeMethodAccessorImpl.invoke(NativeMethodAccessorImpl.java:62)\r\n\tat sun.reflect.DelegatingMethodAccessorImpl.invoke(DelegatingMethodAccessorImpl.java:43)\r\n\tat java.lang.reflect.Method.invoke(Method.java:498)\r\n\tat org.testng.internal.MethodInvocationHelper.invokeMethod(MethodInvocationHelper.java:133)\r\n\tat org.testng.internal.TestInvoker.invokeMethod(TestInvoker.java:584)\r\n\tat org.testng.internal.TestInvoker.invokeTestMethod(TestInvoker.java:172)\r\n\tat org.testng.internal.MethodRunner.runInSequence(MethodRunner.java:46)\r\n\tat org.testng.internal.TestInvoker$MethodInvocationAgent.invoke(TestInvoker.java:804)\r\n\tat org.testng.internal.TestInvoker.invokeTestMethods(TestInvoker.java:145)\r\n\tat org.testng.internal.TestMethodWorker.invokeTestMethods(TestMethodWorker.java:146)\r\n\tat org.testng.internal.TestMethodWorker.run(TestMethodWorker.java:128)\r\n\tat java.util.ArrayList.forEach(ArrayList.java:1257)\r\n\tat org.testng.TestRunner.privateRun(TestRunner.java:770)\r\n\tat org.testng.TestRunner.run(TestRunner.java:591)\r\n\tat org.testng.SuiteRunner.runTest(SuiteRunner.java:402)\r\n\tat org.testng.SuiteRunner.runSequentially(SuiteRunner.java:396)\r\n\tat org.testng.SuiteRunner.privateRun(SuiteRunner.java:355)\r\n\tat org.testng.SuiteRunner.run(SuiteRunner.java:304)\r\n\tat org.testng.SuiteRunnerWorker.runSuite(SuiteRunnerWorker.java:53)\r\n\tat org.testng.SuiteRunnerWorker.run(SuiteRunnerWorker.java:96)\r\n\tat org.testng.TestNG.runSuitesSequentially(TestNG.java:1180)\r\n\tat org.testng.TestNG.runSuitesLocally(TestNG.java:1102)\r\n\tat org.testng.TestNG.runSuites(TestNG.java:1032)\r\n\tat org.testng.TestNG.run(TestNG.java:1000)\r\n\tat com.intellij.rt.testng.IDEARemoteTestNG.run(IDEARemoteTestNG.java:66)\r\n\tat com.intellij.rt.testng.RemoteTestNGStarter.main(RemoteTestNGStarter.java:105)\r\n"},"stage":"finished","steps":[{"name":"【用例信息】","status":"passed","stage":"finished","steps":[],"attachments":[{"name":"用例信息明细","source":"856573fd-e5bd-416b-a676-222741fdc8aa-attachment","type":"text/plain"}],"parameters":[],"start":1743069407277,"stop":1743069407278},{"name":"【发起请求】","status":"passed","stage":"finished","steps":[],"attachments":[{"name":"请求信息","source":"ae5459f3-364f-4686-bb08-5d0ab24c73d8-attachment","type":"text/plain"}],"parameters":[],"start":1743069407278,"stop":1743069407359},{"name":"【响应断言】","status":"passed","stage":"finished","steps":[],"attachments":[{"name":"响应断言信息","source":"8cd19566-91e4-44e9-96a8-d5916ffbde71-attachment","type":"text/plain"}],"parameters":[],"start":1743069407359,"stop":1743069407362},{"name":"【数据库断言】","status":"passed","stage":"finished","steps":[],"attachments":[],"parameters":[],"start":1743069407417,"stop":1743069407418},{"name":"【最终测试结果】","status":"failed","statusDetails":{"known":false,"muted":false,"flaky":false,"message":"断言失败：响应断言=false，SQL 断言=true did not expect to find [true] but found [false]","trace":"java.lang.AssertionError: 断言失败：响应断言=false，SQL 断言=true did not expect to find [true] but found [false]\r\n\tat org.testng.Assert.fail(Assert.java:97)\r\n\tat org.testng.Assert.failNotEquals(Assert.java:969)\r\n\tat org.testng.Assert.assertTrue(Assert.java:43)\r\n\tat com.testcase.BaseCase.logFinalResult(BaseCase.java:171)\r\n\tat com.testcase.BaseCase.finishWriteBackAndAssert(BaseCase.java:217)\r\n\tat com.testcase.RegisterCase.testRegister(RegisterCase.java:35)\r\n\tat sun.reflect.NativeMethodAccessorImpl.invoke0(Native Method)\r\n\tat sun.reflect.NativeMethodAccessorImpl.invoke(NativeMethodAccessorImpl.java:62)\r\n\tat sun.reflect.DelegatingMethodAccessorImpl.invoke(DelegatingMethodAccessorImpl.java:43)\r\n\tat java.lang.reflect.Method.invoke(Method.java:498)\r\n\tat org.testng.internal.MethodInvocationHelper.invokeMethod(MethodInvocationHelper.java:133)\r\n\tat org.testng.internal.TestInvoker.invokeMethod(TestInvoker.java:584)\r\n\tat org.testng.internal.TestInvoker.invokeTestMethod(TestInvoker.java:172)\r\n\tat org.testng.internal.MethodRunner.runInSequence(MethodRunner.java:46)\r\n\tat org.testng.internal.TestInvoker$MethodInvocationAgent.invoke(TestInvoker.java:804)\r\n\tat org.testng.internal.TestInvoker.invokeTestMethods(TestInvoker.java:145)\r\n\tat org.testng.internal.TestMethodWorker.invokeTestMethods(TestMethodWorker.java:146)\r\n\tat org.testng.internal.TestMethodWorker.run(TestMethodWorker.java:128)\r\n\tat java.util.ArrayList.forEach(ArrayList.java:1257)\r\n\tat org.testng.TestRunner.privateRun(TestRunner.java:770)\r\n\tat org.testng.TestRunner.run(TestRunner.java:591)\r\n\tat org.testng.SuiteRunner.runTest(SuiteRunner.java:402)\r\n\tat org.testng.SuiteRunner.runSequentially(SuiteRunner.java:396)\r\n\tat org.testng.SuiteRunner.privateRun(SuiteRunner.java:355)\r\n\tat org.testng.SuiteRunner.run(SuiteRunner.java:304)\r\n\tat org.testng.SuiteRunnerWorker.runSuite(SuiteRunnerWorker.java:53)\r\n\tat org.testng.SuiteRunnerWorker.run(SuiteRunnerWorker.java:96)\r\n\tat org.testng.TestNG.runSuitesSequentially(TestNG.java:1180)\r\n\tat org.testng.TestNG.runSuitesLocally(TestNG.java:1102)\r\n\tat org.testng.TestNG.runSuites(TestNG.java:1032)\r\n\tat org.testng.TestNG.run(TestNG.java:1000)\r\n\tat com.intellij.rt.testng.IDEARemoteTestNG.run(IDEARemoteTestNG.java:66)\r\n\tat com.intellij.rt.testng.RemoteTestNGStarter.main(RemoteTestNGStarter.java:105)\r\n"},"stage":"finished","steps":[],"attachments":[{"name":"最终结果信息","source":"75172012-b72c-4fd8-a0ed-6a2eb33e0207-attachment","type":"text/plain"}],"parameters":[],"start":1743069407418,"stop":1743069407422}],"attachments":[],"parameters":[{"name":"arg0","value":"注册成功"}],"start":1743069407185,"stop":1743069407431}